<?xml version="1.0" encoding="UTF-8"?>
<!-- Generated by org.testng.reporters.JUnitReportReporter -->
<testsuite hostname="DESKTOP-NO5EHDC" failures="0" tests="1" name="apptest.tcTest" time="0.010" errors="0" timestamp="2021-12-02T10:07:14 GMT-08:00" skipped="0">
  <testcase classname="apptest.tcTest" name="login" time="0.010"/>
  <system-out/>
</testsuite> <!-- apptest.tcTest -->
